10:13:19 PM     all      0.80      0.00      0.20      0.00      0.00     98.99
10:13:24 PM     all      0.40      0.10      0.30      0.00      0.00     99.20
10:13:29 PM     all      0.40      0.00      0.30      0.00      0.10     99.20
10:13:34 PM     all      0.60      0.10      0.20      0.00      0.10     99.00
10:13:39 PM     all      1.00      0.10      0.20      0.00      0.10     98.60
10:13:44 PM     all     13.96      0.20      2.91      0.00      0.10     82.83
10:13:49 PM     all      0.20      0.00      0.20      0.00      0.00     99.60
10:13:54 PM     all     19.20      0.20      2.00      0.00      0.30     78.30
10:13:59 PM     all      9.18      0.10      0.50      0.00      0.40     89.82
10:14:04 PM     all      0.20      0.00      0.20      0.10      0.10     99.40
10:14:09 PM     all      0.50      0.10      0.20      0.00      0.00     99.20
10:14:14 PM     all      0.40      0.00      0.30      0.00      0.10     99.20
10:14:19 PM     all      0.50      0.10      0.20      0.00      0.20     99.00
10:14:24 PM     all      0.20      0.10      0.10      0.00      0.00     99.60
10:14:29 PM     all      0.30      0.00      0.30      0.00      0.00     99.40
10:14:34 PM     all      0.30      0.00      0.30      0.00      0.10     99.30
10:14:39 PM     all      1.30      0.20      0.20      0.00      0.10     98.19
10:14:44 PM     all      0.60      0.00      0.30      0.10      0.00     98.99
10:14:49 PM     all      0.30      0.10      0.10      0.00      0.00     99.50
10:14:54 PM     all      0.20      0.10      0.10      0.00      0.00     99.60
10:14:59 PM     all      0.30      0.00      0.10      0.00      0.00     99.60
10:15:04 PM     all      2.91      0.30      0.90      0.00      0.10     95.79
10:15:09 PM     all      1.00      0.00      0.20      0.00      0.10     98.69
10:15:14 PM     all      0.70      0.00      0.30      0.00      0.20     98.80
10:15:19 PM     all      0.30      0.00      0.20      0.00      0.00     99.50
10:15:24 PM     all      0.30      0.10      0.30      0.00      0.10     99.20
10:15:29 PM     all      0.20      0.10      0.20      0.00      0.00     99.50
10:15:34 PM     all      0.30      0.10      0.20      0.00      0.20     99.20
10:15:39 PM     all      0.70      0.00      0.20      0.00      0.30     98.80
10:15:44 PM     all      4.81      0.10      1.10      0.00      0.50     93.49
10:15:49 PM     all      7.02      0.10      1.81      0.00      0.10     90.97
10:15:54 PM     all      0.20      0.10      0.30      0.00      0.00     99.40
10:15:59 PM     all     28.18      0.10      2.21      0.00      0.10     69.41
10:16:04 PM     all      0.40      0.00      0.20      0.00      0.00     99.40
10:16:09 PM     all      0.80      0.10      0.20      0.00      0.00     98.90
10:16:14 PM     all      0.30      0.00      0.30      0.00      0.80     98.60
10:16:19 PM     all      0.20      0.10      0.20      0.00      0.30     99.20
10:16:24 PM     all      0.40      0.10      0.10      0.00      0.10     99.30
10:16:29 PM     all      0.10      0.00      0.30      0.00      0.00     99.60
10:16:34 PM     all      1.00      0.60      0.50      0.00      0.00     97.90
10:16:39 PM     all      0.30      0.10      0.20      0.00      0.00     99.40
10:16:44 PM     all      0.60      0.00      0.40      0.00      0.00     99.00
10:16:49 PM     all      0.30      0.10      0.10      0.00      0.20     99.30
10:16:54 PM     all      0.30      0.00      0.20      0.00      0.20     99.30
10:16:59 PM     all      0.20      0.10      0.20      0.00      0.00     99.50
10:17:04 PM     all      0.40      0.00      0.30      0.00      0.00     99.30
10:17:09 PM     all      0.90      0.20      0.30      0.00      0.20     98.40
10:17:14 PM     all      0.40      0.00      0.30      0.00      0.30     99.00
10:17:19 PM     all      0.00      0.00      0.30      0.00      0.00     99.70
10:17:24 PM     all      0.40      0.00      0.40      0.00      0.00     99.20
10:17:29 PM     all      0.30      0.20      0.10      0.00      0.10     99.30
10:17:34 PM     all      0.20      0.00      0.20      0.00      0.10     99.50
10:17:39 PM     all      1.91      0.10      0.20      0.10      0.00     97.69
10:17:44 PM     all      0.70      0.00      0.30      0.00      0.20     98.80
10:17:49 PM     all      8.52      0.20      1.60      0.00      0.20     89.48
10:17:54 PM     all      2.71      0.20      1.31      0.00      0.00     95.78
10:17:59 PM     all      1.40      0.00      0.20      0.00      0.20     98.20
10:18:04 PM     all     27.71      0.10      2.01      0.00      0.20     69.98
10:18:09 PM     all      0.50      0.10      0.20      0.00      0.10     99.10
10:18:14 PM     all      0.60      0.00      0.30      0.00      0.00     99.10
10:18:19 PM     all      0.20      0.10      0.30      0.00      0.10     99.30
10:18:24 PM     all      0.30      0.00      0.20      0.00      0.20     99.30
10:18:29 PM     all      0.50      0.10      0.20      0.00      0.10     99.10
10:18:34 PM     all      0.20      0.00      0.10      0.00      0.00     99.70
10:18:39 PM     all      0.70      0.10      0.30      0.00      0.20     98.70
10:18:44 PM     all      0.40      0.00      0.30      0.00      0.10     99.20
10:18:49 PM     all      0.20      0.10      0.10      0.00      0.00     99.60
10:18:54 PM     all      0.50      0.10      0.30      0.00      0.00     99.10
10:18:59 PM     all      0.20      0.00      0.20      0.00      0.00     99.60
10:19:04 PM     all      0.30      0.00      0.30      0.00      0.10     99.30
10:19:09 PM     all      0.60      0.20      0.20      0.00      0.00     99.00
10:19:14 PM     all      0.50      0.00      0.30      0.00      0.00     99.20
10:19:19 PM     all      0.10      0.10      0.20      0.00      0.00     99.60
10:19:24 PM     all      9.13      0.00      2.21      0.00      0.10     88.57
10:19:29 PM     all      0.20      0.10      0.10      0.00      0.00     99.60
10:19:34 PM     all      0.50      0.00      0.30      0.00      0.10     99.10
10:19:39 PM     all      1.00      0.20      0.70      0.00      0.00     98.09
10:19:44 PM     all      1.50      1.50      0.60      0.00      0.20     96.19
10:19:49 PM     all      0.40      0.00      0.40      0.00      0.30     98.90
10:19:54 PM     all     12.24      0.40      3.51      0.00      0.30     83.55
10:19:59 PM     all      1.71      0.30      1.81      0.00      0.00     96.18
10:20:04 PM     all     10.32      0.20     19.04      0.00      0.30     70.14
10:20:09 PM     all     57.96      0.10     38.94      0.60      2.40      0.00
10:20:14 PM     all     22.80      0.00     69.60      0.00      0.70      6.90
10:20:19 PM     all     23.90      0.00     75.20      0.00      0.90      0.00
10:20:24 PM     all     23.78      0.20     75.12      0.00      0.90      0.00
10:20:29 PM     all     23.90      0.10     75.20      0.00      0.80      0.00
10:20:34 PM     all     24.20      0.00     74.80      0.00      1.00      0.00
10:20:39 PM     all     24.70      0.10     74.30      0.00      0.90      0.00
10:20:44 PM     all     24.80      0.00     74.40      0.00      0.80      0.00
10:20:49 PM     all     24.12      0.00     74.97      0.00      0.90      0.00
10:20:54 PM     all     23.68      0.30     75.22      0.00      0.80      0.00
10:20:59 PM     all     23.62      0.00     75.48      0.00      0.90      0.00
10:21:04 PM     all     23.68      0.10     75.42      0.00      0.80      0.00
10:21:09 PM     all     24.32      0.00     74.77      0.00      0.90      0.00
10:21:14 PM     all     23.52      0.10     75.58      0.00      0.80      0.00
10:21:19 PM     all     23.58      0.60     74.93      0.00      0.90      0.00
10:21:24 PM     all      7.72      0.10     23.07      0.00      0.10     69.01
10:21:29 PM     all      0.30      0.00      0.30      0.00      0.10     99.30
10:21:34 PM     all      0.30      0.00      0.20      0.10      0.00     99.40
10:21:39 PM     all      1.10      0.10      0.20      0.00      0.00     98.60
10:21:44 PM     all      0.40      0.10      0.20      0.00      0.20     99.10
10:21:49 PM     all      0.20      0.10      0.40      0.00      0.00     99.30
10:21:54 PM     all      0.20      0.20      0.50      0.00      0.30     98.80
10:21:59 PM     all     11.38      0.60      2.82      0.00      0.10     85.10
10:22:04 PM     all      0.40      0.00      0.30      0.00      0.00     99.30
10:22:09 PM     all      0.50      0.20      0.10      0.00      0.10     99.10
10:22:14 PM     all     29.75      0.00      2.21      0.00      0.10     67.94
10:22:19 PM     all      0.20      0.00      0.20      0.00      0.10     99.50
10:22:24 PM     all      0.30      0.10      0.10      0.00      0.10     99.40
10:22:29 PM     all      1.20      0.10      0.40      0.00      0.10     98.20
10:22:34 PM     all      0.30      0.00      0.30      0.00      0.10     99.30
10:22:39 PM     all      0.60      0.10      0.20      0.00      0.20     98.90
10:22:44 PM     all      0.50      0.00      0.30      0.00      0.10     99.10
10:22:49 PM     all      0.20      0.00      0.10      0.00      0.00     99.70
10:22:54 PM     all      0.30      0.20      0.20      0.00      0.20     99.10
10:22:59 PM     all      0.20      0.00      0.20      0.00      0.30     99.30
10:23:04 PM     all      0.30      0.00      0.40      0.10      0.00     99.20
10:23:09 PM     all      0.40      0.20      0.20      0.00      0.30     98.90
10:23:14 PM     all      0.50      0.00      0.30      0.00      0.20     99.00
10:23:19 PM     all      0.30      0.00      0.20      0.00      0.00     99.50
10:23:24 PM     all      0.30      0.10      0.20      0.00      0.50     98.90
10:23:29 PM     all      0.40      0.10      0.20      0.00      0.10     99.20
10:23:34 PM     all      0.20      0.00      0.20      0.00      0.10     99.50
10:23:39 PM     all      0.50      0.10      0.40      0.00      0.10     98.90
10:23:44 PM     all      0.50      0.00      0.20      0.00      0.00     99.30
10:23:49 PM     all      0.30      0.00      0.30      0.00      0.00     99.40
10:23:54 PM     all      0.40      0.10      0.20      0.00      0.20     99.10
10:23:59 PM     all      5.82      0.20      1.10      0.00      0.20     92.68
10:24:04 PM     all      5.52      0.10      1.91      0.00      0.00     92.48
10:24:09 PM     all      0.40      0.10      0.20      0.00      0.10     99.20
10:24:14 PM     all      2.81      0.00      0.80      0.00      0.10     96.29
10:24:19 PM     all     25.98      0.10      1.91      0.00      0.10     71.92
10:24:24 PM     all      0.50      0.10      0.20      0.00      0.30     98.90
10:24:29 PM     all      0.30      0.00      0.20      0.00      0.20     99.30
10:24:34 PM     all      0.30      0.00      0.20      0.00      0.20     99.30
10:24:39 PM     all      0.60      0.10      0.20      0.00      0.10     99.00
10:24:44 PM     all      0.40      0.20      0.40      0.00      0.10     98.90
10:24:49 PM     all      0.20      0.00      0.20      0.00      0.10     99.50
10:24:54 PM     all      0.40      0.00      0.20      0.00      0.30     99.10
10:24:59 PM     all      0.30      0.10      0.10      0.00      0.40     99.10
10:25:04 PM     all      0.30      0.00      0.30      0.00      0.20     99.20
10:25:09 PM     all      0.40      0.10      0.20      0.00      0.20     99.10
10:25:14 PM     all      0.60      0.10      0.30      0.00      0.00     99.00
10:25:19 PM     all      0.40      0.00      0.20      0.00      0.00     99.40
10:25:24 PM     all      0.30      0.10      0.30      0.00      0.30     99.00
10:25:29 PM     all      0.40      0.10      0.20      0.00      0.40     98.90
10:25:34 PM     all      2.21      0.50      3.91      0.00      0.10     93.28
10:25:39 PM     all      0.40      0.10      0.30      0.00      0.00     99.20
10:25:44 PM     all      0.40      0.10      0.20      0.00      0.20     99.10
10:25:49 PM     all      0.30      0.10      0.20      0.00      0.00     99.40
10:25:54 PM     all      0.20      0.00      0.30      0.00      0.10     99.40
10:25:59 PM     all      0.60      0.00      0.20      0.00      0.10     99.10
10:26:04 PM     all      8.51      0.70      2.10      0.00      0.30     88.39
10:26:09 PM     all      3.00      0.20      1.50      0.00      0.20     95.10
10:26:14 PM     all      0.70      0.00      0.40      0.10      0.20     98.60
10:26:19 PM     all      9.83      0.20      1.91      0.00      0.00     88.06
10:26:24 PM     all     18.56      0.00      0.50      0.00      0.20     80.74
10:26:29 PM     all      0.50      0.10      0.20      0.00      0.10     99.10
10:26:34 PM     all      0.40      0.00      0.10      0.00      0.10     99.40
10:26:39 PM     all      0.70      0.10      0.40      0.00      0.70     98.11
10:26:44 PM     all      0.40      0.00      0.30      0.00      0.50     98.80
10:26:49 PM     all      0.20      0.00      0.10      0.00      0.00     99.70
10:26:54 PM     all      0.40      0.20      0.10      0.00      0.30     99.00
10:26:59 PM     all      0.20      0.00      0.30      0.00      0.00     99.50
10:27:04 PM     all      0.50      0.00      0.30      0.00      0.10     99.10
10:27:09 PM     all      0.50      0.20      0.30      0.00      0.10     98.90
10:27:14 PM     all      0.50      0.00      0.30      0.00      0.00     99.20
10:27:19 PM     all      0.20      0.00      0.10      0.00      0.20     99.50
10:27:24 PM     all      0.30      0.10      0.20      0.00      0.10     99.30
10:27:29 PM     all      0.30      0.10      0.20      0.00      0.00     99.40
10:27:34 PM     all      0.50      0.00      0.20      0.00      0.10     99.20
10:27:39 PM     all      0.90      0.10      0.20      0.00      0.50     98.30
10:27:44 PM     all      0.30      0.10      0.50      0.00      0.10     99.00
10:27:49 PM     all      0.20      0.00      0.20      0.00      0.10     99.50
10:27:54 PM     all      0.20      0.00      0.20      0.00      0.10     99.50
10:27:59 PM     all      0.20      0.10      0.20      0.00      0.00     99.50
10:28:04 PM     all      0.80      0.10      0.30      0.00      0.20     98.60
10:28:09 PM     all     11.16      0.20      2.51      0.00      0.10     86.03
10:28:14 PM     all      0.90      0.10      0.80      0.00      0.20     98.00
10:28:19 PM     all      0.30      0.00      0.20      0.00      0.10     99.40
10:28:24 PM     all     21.89      0.10      1.81      0.00      0.20     76.00
10:28:29 PM     all      6.92      0.10      0.50      0.00      0.00     92.48
10:28:34 PM     all      1.60      0.20      2.00      0.00      0.00     96.19
10:28:39 PM     all      1.10      0.10      0.20      0.00      0.30     98.30
10:28:44 PM     all      0.40      0.00      0.40      0.00      0.00     99.20
10:28:49 PM     all      0.30      0.20      0.40      0.00      0.20     98.90
10:28:54 PM     all      0.20      0.00      0.00      0.00      0.10     99.70
10:28:59 PM     all      0.40      0.00      0.30      0.00      0.10     99.20
10:29:04 PM     all      0.20      0.10      0.30      0.00      0.20     99.20
10:29:09 PM     all      0.90      0.10      0.20      0.00      0.40     98.40
10:29:14 PM     all      0.40      0.00      0.40      0.00      0.10     99.10
10:29:19 PM     all      0.30      0.00      0.20      0.00      0.30     99.20
10:29:24 PM     all      0.30      0.10      0.30      0.00      0.30     99.00
10:29:29 PM     all      0.20      0.00      0.20      0.00      0.00     99.60
10:29:34 PM     all      0.20      0.10      0.20      0.00      0.00     99.50
10:29:39 PM     all      1.40      0.20      0.70      0.00      0.10     97.60
10:29:44 PM     all      2.61      1.30      0.80      0.00      0.20     95.09
10:29:49 PM     all      0.30      0.00      0.10      0.00      0.10     99.50
10:29:54 PM     all      1.40      0.20      0.30      0.00      0.00     98.09
10:29:59 PM     all      0.30      0.00      0.20      0.00      0.10     99.40
10:30:04 PM     all      0.40      0.10      0.20      0.00      0.00     99.30
10:30:09 PM     all      1.00      0.00      0.30      0.00      0.20     98.50
10:30:14 PM     all     11.77      0.30      2.82      0.00      0.10     85.01
10:30:19 PM     all      0.30      0.00      0.20      0.00      0.30     99.20
10:30:24 PM     all      0.30      0.10      0.10      0.00      0.20     99.30
10:30:29 PM     all     28.59      0.10      2.11      0.00      0.30     68.91
10:30:34 PM     all      0.20      0.10      0.30      0.00      0.00     99.40
10:30:39 PM     all      1.00      0.00      0.30      0.00      0.10     98.59
10:30:44 PM     all      0.70      0.00      0.40      0.00      0.10     98.80
10:30:49 PM     all      0.80      0.50      0.40      0.00      0.00     98.30
10:30:54 PM     all      0.10      0.10      0.20      0.00      0.00     99.60
10:30:59 PM     all      0.30      0.00      0.30      0.00      0.10     99.30
10:31:04 PM     all      0.20      0.20      0.30      0.00      0.00     99.30
10:31:09 PM     all      0.90      0.00      0.20      0.00      0.30     98.60
10:31:14 PM     all      2.30      0.10      0.50      0.00      0.20     96.89
10:31:19 PM     all      0.20      0.00      0.10      0.00      0.00     99.70
10:31:24 PM     all      0.10      0.20      0.20      0.00      0.00     99.50
10:31:29 PM     all      0.40      0.00      0.00      0.00      0.00     99.60
10:31:34 PM     all      0.20      0.00      0.30      0.00      0.00     99.50
10:31:39 PM     all      0.90      0.10      0.20      0.00      0.20     98.60
10:31:44 PM     all      0.60      0.00      0.30      0.10      0.10     98.90
10:31:49 PM     all      0.40      0.10      0.30      0.00      0.20     99.00
10:31:54 PM     all      0.20      0.10      0.10      0.00      0.00     99.60
10:31:59 PM     all      0.30      0.00      0.20      0.00      0.20     99.30
10:32:04 PM     all      0.30      0.10      0.30      0.00      0.00     99.30
10:32:09 PM     all      0.30      0.10      0.20      0.00      0.00     99.40
10:32:14 PM     all      5.91      0.10      1.40      0.00      0.30     92.28
10:32:19 PM     all      5.51      0.20      1.60      0.00      0.20     92.48
10:32:24 PM     all      2.11      0.00      1.21      0.00      0.10     96.58
10:32:29 PM     all      2.21      0.20      0.50      0.00      0.00     97.09
10:32:34 PM     all     27.31      0.10      2.51      0.00      0.20     69.88
10:32:39 PM     all      1.00      0.10      0.20      0.00      0.20     98.50
10:32:44 PM     all      0.40      0.00      0.40      0.00      0.60     98.60
10:32:49 PM     all      0.40      0.10      0.40      0.00      0.60     98.51
10:32:54 PM     all      0.30      0.00      0.30      0.00      0.40     99.00
10:32:59 PM     all      0.30      0.10      0.30      0.00      0.10     99.20
10:33:04 PM     all      0.30      0.10      0.30      0.00      0.00     99.30
10:33:09 PM     all      0.90      0.00      0.30      0.00      0.00     98.80
10:33:14 PM     all      0.60      0.10      0.50      0.10      0.10     98.60
10:33:19 PM     all      0.40      0.10      0.20      0.00      0.00     99.30
10:33:24 PM     all      0.60      0.00      0.20      0.00      0.20     99.00
10:33:29 PM     all      0.20      0.20      0.30      0.00      0.00     99.30
